# JRE version: Java(TM) SE Runtime Environment (8.0_121-b13) (build 1.8.0_121-b13)
# Java VM: Java HotSpot(TM) 64-Bit Server VM (25.121-b13 mixed mode bsd-amd64 compressed oops)
Heap:
 PSYoungGen      total 79872K, used 29608K [0x00000007aab00000, 0x00000007b1e80000, 0x00000007c0000000)
  eden space 48128K, 30% used [0x00000007aab00000,0x00000007ab9545c0,0x00000007ada00000)
  from space 31744K, 47% used [0x00000007af980000,0x00000007b0815c40,0x00000007b1880000)
  to   space 32256K, 0% used [0x00000007ada00000,0x00000007ada00000,0x00000007af980000)
 ParOldGen       total 73216K, used 15975K [0x0000000780000000, 0x0000000784780000, 0x00000007aab00000)
  object space 73216K, 21% used [0x0000000780000000,0x0000000780f99c58,0x0000000784780000)
 Metaspace       used 10023K, capacity 10209K, committed 10368K, reserved 1058816K
  class space    used 1066K, capacity 1151K, committed 1152K, reserved 1048576K
GC Heap History (10 events):
Event: 2.241 GC heap before
{Heap before GC invocations=3 (full 1):
 PSYoungGen      total 18944K, used 2542K [0x00000007aab00000, 0x00000007ad000000, 0x00000007c0000000)
  eden space 16384K, 0% used [0x00000007aab00000,0x00000007aab00000,0x00000007abb00000)
  from space 2560K, 99% used [0x00000007abd80000,0x00000007abffb988,0x00000007ac000000)
  to   space 2560K, 0% used [0x00000007abb00000,0x00000007abb00000,0x00000007abd80000)
 ParOldGen       total 44032K, used 29896K [0x0000000780000000, 0x0000000782b00000, 0x00000007aab00000)
  object space 44032K, 67% used [0x0000000780000000,0x0000000781d32360,0x0000000782b00000)
 Metaspace       used 9880K, capacity 10081K, committed 10368K, reserved 1058816K
  class space    used 1060K, capacity 1151K, committed 1152K, reserved 1048576K
Event: 2.270 GC heap after
Heap after GC invocations=3 (full 1):
 PSYoungGen      total 18944K, used 0K [0x00000007aab00000, 0x00000007ad000000, 0x00000007c0000000)
  eden space 16384K, 0% used [0x00000007aab00000,0x00000007aab00000,0x00000007abb00000)
  from space 2560K, 0% used [0x00000007abd80000,0x00000007abd80000,0x00000007ac000000)
  to   space 2560K, 0% used [0x00000007abb00000,0x00000007abb00000,0x00000007abd80000)
 ParOldGen       total 73216K, used 15975K [0x0000000780000000, 0x0000000784780000, 0x00000007aab00000)
  object space 73216K, 21% used [0x0000000780000000,0x0000000780f99c58,0x0000000784780000)
 Metaspace       used 9880K, capacity 10081K, committed 10368K, reserved 1058816K
  class space    used 1060K, capacity 1151K, committed 1152K, reserved 1048576K
}
Event: 2.409 GC heap before
{Heap before GC invocations=4 (full 1):
 PSYoungGen      total 18944K, used 16384K [0x00000007aab00000, 0x00000007ad000000, 0x00000007c0000000)
  eden space 16384K, 100% used [0x00000007aab00000,0x00000007abb00000,0x00000007abb00000)
  from space 2560K, 0% used [0x00000007abd80000,0x00000007abd80000,0x00000007ac000000)
  to   space 2560K, 0% used [0x00000007abb00000,0x00000007abb00000,0x00000007abd80000)
 ParOldGen       total 73216K, used 15975K [0x0000000780000000, 0x0000000784780000, 0x00000007aab00000)
  object space 73216K, 21% used [0x0000000780000000,0x0000000780f99c58,0x0000000784780000)
 Metaspace       used 9902K, capacity 10145K, committed 10368K, reserved 1058816K
  class space    used 1060K, capacity 1151K, committed 1152K, reserved 1048576K
Event: 2.419 GC heap after
Heap after GC invocations=4 (full 1):
 PSYoungGen      total 18944K, used 64K [0x00000007aab00000, 0x00000007acc00000, 0x00000007c0000000)
  eden space 16384K, 0% used [0x00000007aab00000,0x00000007aab00000,0x00000007abb00000)
  from space 2560K, 2% used [0x00000007abb00000,0x00000007abb10000,0x00000007abd80000)
  to   space 2560K, 0% used [0x00000007ac980000,0x00000007ac980000,0x00000007acc00000)
 ParOldGen       total 73216K, used 15975K [0x0000000780000000, 0x0000000784780000, 0x00000007aab00000)
  object space 73216K, 21% used [0x0000000780000000,0x0000000780f99c58,0x0000000784780000)
 Metaspace       used 9902K, capacity 10145K, committed 10368K, reserved 1058816K
  class space    used 1060K, capacity 1151K, committed 1152K, reserved 1048576K
}
Event: 2.575 GC heap before
{Heap before GC invocations=5 (full 1):
 PSYoungGen      total 18944K, used 16448K [0x00000007aab00000, 0x00000007acc00000, 0x00000007c0000000)
  eden space 16384K, 100% used [0x00000007aab00000,0x00000007abb00000,0x00000007abb00000)
  from space 2560K, 2% used [0x00000007abb00000,0x00000007abb10000,0x00000007abd80000)
  to   space 2560K, 0% used [0x00000007ac980000,0x00000007ac980000,0x00000007acc00000)
 ParOldGen       total 73216K, used 15975K [0x0000000780000000, 0x0000000784780000, 0x00000007aab00000)
  object space 73216K, 21% used [0x0000000780000000,0x0000000780f99c58,0x0000000784780000)
 Metaspace       used 9902K, capacity 10145K, committed 10368K, reserved 1058816K
  class space    used 1060K, capacity 1151K, committed 1152K, reserved 1048576K
Event: 2.579 GC heap after
Heap after GC invocations=5 (full 1):
 PSYoungGen      total 31232K, used 64K [0x00000007aab00000, 0x00000007acc00000, 0x00000007c0000000)
  eden space 28672K, 0% used [0x00000007aab00000,0x00000007aab00000,0x00000007ac700000)
  from space 2560K, 2% used [0x00000007ac980000,0x00000007ac990000,0x00000007acc00000)
  to   space 2560K, 0% used [0x00000007ac700000,0x00000007ac700000,0x00000007ac980000)
 ParOldGen       total 73216K, used 15975K [0x0000000780000000, 0x0000000784780000, 0x00000007aab00000)
  object space 73216K, 21% used [0x0000000780000000,0x0000000780f99c58,0x0000000784780000)
 Metaspace       used 9902K, capacity 10145K, committed 10368K, reserved 1058816K
  class space    used 1060K, capacity 1151K, committed 1152K, reserved 1048576K
}
Event: 2.738 GC heap before
{Heap before GC invocations=6 (full 1):
 PSYoungGen      total 31232K, used 28736K [0x00000007aab00000, 0x00000007acc00000, 0x00000007c0000000)
  eden space 28672K, 100% used [0x00000007aab00000,0x00000007ac700000,0x00000007ac700000)
  from space 2560K, 2% used [0x00000007ac980000,0x00000007ac990000,0x00000007acc00000)
  to   space 2560K, 0% used [0x00000007ac700000,0x00000007ac700000,0x00000007ac980000)
 ParOldGen       total 73216K, used 15975K [0x0000000780000000, 0x0000000784780000, 0x00000007aab00000)
  object space 73216K, 21% used [0x0000000780000000,0x0000000780f99c58,0x0000000784780000)
 Metaspace       used 9902K, capacity 10145K, committed 10368K, reserved 1058816K
  class space    used 1060K, capacity 1151K, committed 1152K, reserved 1048576K
Event: 2.739 GC heap after
Heap after GC invocations=6 (full 1):
 PSYoungGen      total 31232K, used 32K [0x00000007aab00000, 0x00000007b1880000, 0x00000007c0000000)
  eden space 28672K, 0% used [0x00000007aab00000,0x00000007aab00000,0x00000007ac700000)
  from space 2560K, 1% used [0x00000007ac700000,0x00000007ac708000,0x00000007ac980000)
  to   space 31744K, 0% used [0x00000007af980000,0x00000007af980000,0x00000007b1880000)
 ParOldGen       total 73216K, used 15975K [0x0000000780000000, 0x0000000784780000, 0x00000007aab00000)
  object space 73216K, 21% used [0x0000000780000000,0x0000000780f99c58,0x0000000784780000)
 Metaspace       used 9902K, capacity 10145K, committed 10368K, reserved 1058816K
  class space    used 1060K, capacity 1151K, committed 1152K, reserved 1048576K
}
Event: 2.894 GC heap before
{Heap before GC invocations=7 (full 1):
 PSYoungGen      total 31232K, used 28704K [0x00000007aab00000, 0x00000007b1880000, 0x00000007c0000000)
  eden space 28672K, 100% used [0x00000007aab00000,0x00000007ac700000,0x00000007ac700000)
  from space 2560K, 1% used [0x00000007ac700000,0x00000007ac708000,0x00000007ac980000)
  to   space 31744K, 0% used [0x00000007af980000,0x00000007af980000,0x00000007b1880000)
 ParOldGen       total 73216K, used 15975K [0x0000000780000000, 0x0000000784780000, 0x00000007aab00000)
  object space 73216K, 21% used [0x0000000780000000,0x0000000780f99c58,0x0000000784780000)
 Metaspace       used 9915K, capacity 10145K, committed 10368K, reserved 1058816K
  class space    used 1062K, capacity 1151K, committed 1152K, reserved 1048576K
Event: 2.948 GC heap after
Heap after GC invocations=7 (full 1):
 PSYoungGen      total 79872K, used 14935K [0x00000007aab00000, 0x00000007b1e80000, 0x00000007c0000000)
  eden space 48128K, 0% used [0x00000007aab00000,0x00000007aab00000,0x00000007ada00000)
  from space 31744K, 47% used [0x00000007af980000,0x00000007b0815c40,0x00000007b1880000)
  to   space 32256K, 0% used [0x00000007ada00000,0x00000007ada00000,0x00000007af980000)
 ParOldGen       total 73216K, used 15975K [0x0000000780000000, 0x0000000784780000, 0x00000007aab00000)
  object space 73216K, 21% used [0x0000000780000000,0x0000000780f99c58,0x0000000784780000)
 Metaspace       used 9915K, capacity 10145K, committed 10368K, reserved 1058816K
  class space    used 1062K, capacity 1151K, committed 1152K, reserved 1048576K
}

